manifest-merger-release-report.txt
-- Merging decision tree log ---
manifest
ADDED from AndroidManifest.xml:2:1
	package
		ADDED from AndroidManifest.xml:3:5
		INJECTED from AndroidManifest.xml:0:0
		INJECTED from AndroidManifest.xml:0:0
	android:versionName
		ADDED from AndroidManifest.xml:5:5
		INJECTED from AndroidManifest.xml:0:0
		INJECTED from AndroidManifest.xml:0:0
	android:versionCode
		ADDED from AndroidManifest.xml:4:5
		INJECTED from AndroidManifest.xml:0:0
		INJECTED from AndroidManifest.xml:0:0
	xmlns:android
		ADDED from AndroidManifest.xml:2:11
uses-permission#android.permission.ACCESS_NETWORK_STATE
ADDED from AndroidManifest.xml:8:5
	android:name
		ADDED from AndroidManifest.xml:8:22
uses-permission#android.permission.INTERNET
ADDED from AndroidManifest.xml:9:5
	android:name
		ADDED from AndroidManifest.xml:9:22
uses-permission#android.permission.WRITE_EXTERNAL_STORAGE
ADDED from AndroidManifest.xml:10:5
	android:name
		ADDED from AndroidManifest.xml:10:22
uses-permission#android.permission.MOUNT_UNMOUNT_FILESYSTEMS
ADDED from AndroidManifest.xml:11:5
	android:name
		ADDED from AndroidManifest.xml:11:22
uses-permission#android.permission.CALL_PHONE
ADDED from AndroidManifest.xml:12:5
	android:name
		ADDED from AndroidManifest.xml:12:22
uses-permission#android.permission.ACCESS_COARSE_LOCATION
ADDED from AndroidManifest.xml:13:5
	android:name
		ADDED from AndroidManifest.xml:13:22
uses-permission#android.permission.READ_PHONE_STATE
ADDED from AndroidManifest.xml:14:5
	android:name
		ADDED from AndroidManifest.xml:14:22
uses-permission#android.permission.RECEIVE_BOOT_COMPLETED
ADDED from AndroidManifest.xml:15:5
	android:name
		ADDED from AndroidManifest.xml:15:22
uses-permission#android.permission.WRITE_SETTINGS
ADDED from AndroidManifest.xml:16:5
	android:name
		ADDED from AndroidManifest.xml:16:22
uses-permission#android.permission.VIBRATE
ADDED from AndroidManifest.xml:17:5
	android:name
		ADDED from AndroidManifest.xml:17:22
uses-permission#android.permission.ACCESS_DOWNLOAD_MANAGER
ADDED from AndroidManifest.xml:18:5
	android:name
		ADDED from AndroidManifest.xml:18:22
uses-permission#android.permission.DOWNLOAD_WITHOUT_NOTIFICATION
ADDED from AndroidManifest.xml:19:5
	android:name
		ADDED from AndroidManifest.xml:19:22
uses-permission#android.permission.DISABLE_KEYGUARD
ADDED from AndroidManifest.xml:20:5
	android:name
		ADDED from AndroidManifest.xml:20:22
uses-permission#android.permission.ACCESS_WIFI_STATE
ADDED from AndroidManifest.xml:21:5
	android:name
		ADDED from AndroidManifest.xml:21:22
uses-sdk
ADDED from AndroidManifest.xml:23:5
	android:targetSdkVersion
		ADDED from AndroidManifest.xml:25:9
		INJECTED from AndroidManifest.xml:0:0
		INJECTED from AndroidManifest.xml:0:0
	android:minSdkVersion
		ADDED from AndroidManifest.xml:24:9
		INJECTED from AndroidManifest.xml:0:0
		INJECTED from AndroidManifest.xml:0:0
application
ADDED from AndroidManifest.xml:27:5
	android:label
		ADDED from AndroidManifest.xml:31:9
	android:allowBackup
		ADDED from AndroidManifest.xml:29:9
	android:icon
		ADDED from AndroidManifest.xml:30:9
	android:theme
		ADDED from AndroidManifest.xml:32:9
	android:name
		ADDED from AndroidManifest.xml:28:9
activity#cn.edu.zju.isst1.v2.splash.gui.LoadingActivity
ADDED from AndroidManifest.xml:33:9
	android:launchMode
		ADDED from AndroidManifest.xml:35:13
	android:theme
		ADDED from AndroidManifest.xml:36:13
	android:name
		ADDED from AndroidManifest.xml:34:13
intent-filter#android.intent.action.MAIN+android.intent.category.LAUNCHER
ADDED from AndroidManifest.xml:37:13
action#android.intent.action.MAIN
ADDED from AndroidManifest.xml:38:17
	android:name
		ADDED from AndroidManifest.xml:38:25
category#android.intent.category.LAUNCHER
ADDED from AndroidManifest.xml:40:17
	android:name
		ADDED from AndroidManifest.xml:40:27
activity#cn.edu.zju.isst1.v2.login.gui.LoginActivity
ADDED from AndroidManifest.xml:43:9
	android:label
		ADDED from AndroidManifest.xml:45:13
	android:theme
		ADDED from AndroidManifest.xml:46:13
	android:name
		ADDED from AndroidManifest.xml:44:13
activity#cn.edu.zju.isst1.ui.main.NewMainActivity
ADDED from AndroidManifest.xml:47:9
	android:theme
		ADDED from AndroidManifest.xml:49:13
	android:logo
		ADDED from AndroidManifest.xml:50:13
	android:name
		ADDED from AndroidManifest.xml:48:13
activity#cn.edu.zju.isst1.ui.job.JobDetailActivity
ADDED from AndroidManifest.xml:52:9
	android:theme
		ADDED from AndroidManifest.xml:54:13
	android:name
		ADDED from AndroidManifest.xml:53:13
activity#cn.edu.zju.isst1.ui.job.RecommendDetailActivity
ADDED from AndroidManifest.xml:55:9
	android:theme
		ADDED from AndroidManifest.xml:57:13
	android:name
		ADDED from AndroidManifest.xml:56:13
activity#cn.edu.zju.isst1.ui.job.JobCommentListActivity
ADDED from AndroidManifest.xml:58:9
	android:theme
		ADDED from AndroidManifest.xml:60:13
	android:name
		ADDED from AndroidManifest.xml:59:13
activity#cn.edu.zju.isst1.ui.job.PublishRecommendActivity
ADDED from AndroidManifest.xml:61:9
	android:theme
		ADDED from AndroidManifest.xml:63:13
	android:name
		ADDED from AndroidManifest.xml:62:13
activity#cn.edu.zju.isst1.ui.life.CampusActivityDetailActivity
ADDED from AndroidManifest.xml:64:9
	android:theme
		ADDED from AndroidManifest.xml:66:13
	android:name
		ADDED from AndroidManifest.xml:65:13
activity#cn.edu.zju.isst1.ui.life.RestaurantDetailActivity
ADDED from AndroidManifest.xml:67:9
	android:theme
		ADDED from AndroidManifest.xml:69:13
	android:name
		ADDED from AndroidManifest.xml:68:13
activity#cn.edu.zju.isst1.v2.usercenter.userinfo.UserInfoActivity
ADDED from AndroidManifest.xml:70:9
	android:theme
		ADDED from AndroidManifest.xml:72:13
	android:name
		ADDED from AndroidManifest.xml:71:13
activity#cn.edu.zju.isst1.v2.usercenter.userinfo.UserInfoEditActivity
ADDED from AndroidManifest.xml:73:9
	android:theme
		ADDED from AndroidManifest.xml:75:13
	android:name
		ADDED from AndroidManifest.xml:74:13
activity#cn.edu.zju.isst1.ui.contact.ContactDetailActivity
ADDED from AndroidManifest.xml:76:9
	android:theme
		ADDED from AndroidManifest.xml:78:13
	android:name
		ADDED from AndroidManifest.xml:77:13
activity#cn.edu.zju.isst1.ui.contact.ContactFilterActivity
ADDED from AndroidManifest.xml:79:9
	android:theme
		ADDED from AndroidManifest.xml:81:13
	android:name
		ADDED from AndroidManifest.xml:80:13
activity#cn.edu.zju.isst1.v2.event.city.gui.CityEventDetailActivity
ADDED from AndroidManifest.xml:82:9
	android:theme
		ADDED from AndroidManifest.xml:84:13
	android:name
		ADDED from AndroidManifest.xml:83:13
activity#cn.edu.zju.isst1.v2.event.city.gui.CityEventParticipantsListActivity
ADDED from AndroidManifest.xml:85:9
	android:theme
		ADDED from AndroidManifest.xml:87:13
	android:name
		ADDED from AndroidManifest.xml:86:13
activity#cn.edu.zju.isst1.v2.contact.ContactFilterActivity
ADDED from AndroidManifest.xml:88:9
	android:theme
		ADDED from AndroidManifest.xml:90:13
	android:name
		ADDED from AndroidManifest.xml:89:13
activity#cn.edu.zju.isst1.v2.contact.contact.gui.CSTContactDetailActivity
ADDED from AndroidManifest.xml:91:9
	android:theme
		ADDED from AndroidManifest.xml:93:13
	android:name
		ADDED from AndroidManifest.xml:92:13
activity#cn.edu.zju.isst1.v2.contact.contact.gui.CSTSearchedAlumniActivity
ADDED from AndroidManifest.xml:94:9
	android:theme
		ADDED from AndroidManifest.xml:96:13
	android:name
		ADDED from AndroidManifest.xml:95:13
activity#cn.edu.zju.isst1.v2.archive.gui.ArchiveDetailActivity
ADDED from AndroidManifest.xml:97:9
	android:theme
		ADDED from AndroidManifest.xml:99:13
	android:name
		ADDED from AndroidManifest.xml:98:13
activity#cn.edu.zju.isst1.v2.restaurant.gui.NewRestaurantDetailActivity
ADDED from AndroidManifest.xml:100:9
	android:theme
		ADDED from AndroidManifest.xml:102:13
	android:name
		ADDED from AndroidManifest.xml:101:13
activity#cn.edu.zju.isst1.v2.usercenter.setting.SettingActivity
ADDED from AndroidManifest.xml:103:9
	android:theme
		ADDED from AndroidManifest.xml:105:13
	android:name
		ADDED from AndroidManifest.xml:104:13
activity#cn.edu.zju.isst1.v2.usercenter.setting.FeedBackActivity
ADDED from AndroidManifest.xml:106:9
	android:theme
		ADDED from AndroidManifest.xml:108:13
	android:name
		ADDED from AndroidManifest.xml:107:13
activity#cn.edu.zju.isst1.v2.usercenter.myactivity.MyEventActivity
ADDED from AndroidManifest.xml:109:9
	android:theme
		ADDED from AndroidManifest.xml:111:13
	android:name
		ADDED from AndroidManifest.xml:110:13
activity#cn.edu.zju.isst1.v2.usercenter.messagecenter.gui.PushMessagesActivity
ADDED from AndroidManifest.xml:112:9
	android:theme
		ADDED from AndroidManifest.xml:114:13
	android:name
		ADDED from AndroidManifest.xml:113:13
activity#cn.edu.zju.isst1.v2.usercenter.myexperience.MyExperienceActivity
ADDED from AndroidManifest.xml:115:9
	android:theme
		ADDED from AndroidManifest.xml:117:13
	android:name
		ADDED from AndroidManifest.xml:116:13
provider#cn.edu.zju.isst1.v2.db.CSTProvider
ADDED from AndroidManifest.xml:119:9
	android:authorities
		ADDED from AndroidManifest.xml:121:13
	android:exported
		ADDED from AndroidManifest.xml:122:13
	android:name
		ADDED from AndroidManifest.xml:120:13
receiver#cn.edu.zju.isst1.baidupush.PushMessageReceiver
ADDED from AndroidManifest.xml:125:9
	android:name
		ADDED from AndroidManifest.xml:125:19
intent-filter#com.baidu.android.pushservice.action.MESSAGE+com.baidu.android.pushservice.action.RECEIVE+com.baidu.android.pushservice.action.notification.CLICK
ADDED from AndroidManifest.xml:127:13
action#com.baidu.android.pushservice.action.MESSAGE
ADDED from AndroidManifest.xml:130:17
	android:name
		ADDED from AndroidManifest.xml:130:25
action#com.baidu.android.pushservice.action.RECEIVE
ADDED from AndroidManifest.xml:132:17
	android:name
		ADDED from AndroidManifest.xml:132:25
action#com.baidu.android.pushservice.action.notification.CLICK
ADDED from AndroidManifest.xml:133:17
	android:name
		ADDED from AndroidManifest.xml:133:25
receiver#com.baidu.android.pushservice.PushServiceReceiver
ADDED from AndroidManifest.xml:137:9
	android:process
		ADDED from AndroidManifest.xml:139:13
	android:name
		ADDED from AndroidManifest.xml:138:13
intent-filter#android.intent.action.BOOT_COMPLETED+android.net.conn.CONNECTIVITY_CHANGE+com.baidu.android.pushservice.action.media.CLICK+com.baidu.android.pushservice.action.notification.SHOW
ADDED from AndroidManifest.xml:140:13
action#android.intent.action.BOOT_COMPLETED
ADDED from AndroidManifest.xml:141:17
	android:name
		ADDED from AndroidManifest.xml:141:25
action#android.net.conn.CONNECTIVITY_CHANGE
ADDED from AndroidManifest.xml:142:17
	android:name
		ADDED from AndroidManifest.xml:142:25
action#com.baidu.android.pushservice.action.notification.SHOW
ADDED from AndroidManifest.xml:143:17
	android:name
		ADDED from AndroidManifest.xml:143:25
action#com.baidu.android.pushservice.action.media.CLICK
ADDED from AndroidManifest.xml:144:17
	android:name
		ADDED from AndroidManifest.xml:144:25
receiver#com.baidu.android.pushservice.RegistrationReceiver
ADDED from AndroidManifest.xml:147:9
	android:process
		ADDED from AndroidManifest.xml:149:13
	android:name
		ADDED from AndroidManifest.xml:148:13
intent-filter#com.baidu.android.pushservice.action.BIND_SYNC+com.baidu.android.pushservice.action.METHOD
ADDED from AndroidManifest.xml:150:13
action#com.baidu.android.pushservice.action.METHOD
ADDED from AndroidManifest.xml:151:17
	android:name
		ADDED from AndroidManifest.xml:151:25
action#com.baidu.android.pushservice.action.BIND_SYNC
ADDED from AndroidManifest.xml:152:17
	android:name
		ADDED from AndroidManifest.xml:152:25
intent-filter#android.intent.action.PACKAGE_REMOVED
ADDED from AndroidManifest.xml:154:13
action#android.intent.action.PACKAGE_REMOVED
ADDED from AndroidManifest.xml:155:17
	android:name
		ADDED from AndroidManifest.xml:155:25
data
ADDED from AndroidManifest.xml:157:17
	android:scheme
		ADDED from AndroidManifest.xml:157:23
service#com.baidu.android.pushservice.PushService
ADDED from AndroidManifest.xml:163:9
	android:process
		ADDED from AndroidManifest.xml:166:13
	android:exported
		ADDED from AndroidManifest.xml:165:13
	android:name
		ADDED from AndroidManifest.xml:164:13
intent-filter#com.baidu.android.pushservice.action.PUSH_SERVICE
ADDED from AndroidManifest.xml:167:13
action#com.baidu.android.pushservice.action.PUSH_SERVICE
ADDED from AndroidManifest.xml:168:17
	android:name
		ADDED from AndroidManifest.xml:168:25
activity#cn.edu.zju.isst1.v2.usercenter.myrecommend.MyRecommendListActivity
ADDED from AndroidManifest.xml:214:9
	android:label
		ADDED from AndroidManifest.xml:216:13
	android:parentActivityName
		ADDED from AndroidManifest.xml:217:13
	android:theme
		ADDED from AndroidManifest.xml:218:13
	android:name
		ADDED from AndroidManifest.xml:215:13
meta-data#android.support.PARENT_ACTIVITY
ADDED from AndroidManifest.xml:219:13
	android:value
		ADDED from AndroidManifest.xml:221:17
	android:name
		ADDED from AndroidManifest.xml:220:17
activity#cn.edu.zju.isst1.v2.usercenter.taskcenter.gui.TaskCenterActivity
ADDED from AndroidManifest.xml:224:9
	android:label
		ADDED from AndroidManifest.xml:226:13
	android:name
		ADDED from AndroidManifest.xml:225:13
activity#cn.edu.zju.isst1.v2.usercenter.taskcenter.gui.GowhereSurveyActivity
ADDED from AndroidManifest.xml:228:9
	android:label
		ADDED from AndroidManifest.xml:230:13
	android:name
		ADDED from AndroidManifest.xml:229:13